============================= test session starts ==============================
platform linux -- Python 3.12.1, pytest-9.1.1, pluggy-1.6.0 -- /usr/local/python/3.12.1/bin/python3
cachedir: .pytest_cache
rootdir: /workspaces/tw-institutional-strategy
plugins: anyio-4.12.1
collecting ... collected 70 items

tests/test_audit_issue.py::test_parse_field PASSED                       [  1%]
tests/test_audit_issue.py::test_determine_setup_from_labels PASSED       [  2%]
tests/test_audit_issue.py::test_determine_setup_from_title PASSED        [  4%]
tests/test_audit_issue.py::test_validate_field_missing PASSED            [  5%]
tests/test_audit_issue.py::test_validate_field_empty PASSED              [  7%]
tests/test_audit_issue.py::test_validate_field_placeholder PASSED        [  8%]
tests/test_audit_issue.py::test_validate_field_position_size_lots_numeric PASSED [ 10%]
tests/test_audit_issue.py::test_validate_field_risk_r_pct_over_limit PASSED [ 11%]
tests/test_audit_issue.py::test_validate_field_artifact_run_id_non_numeric PASSED [ 12%]
tests/test_audit_issue.py::test_audit_issue_passes PASSED                [ 14%]
tests/test_audit_issue.py::test_audit_issue_fails_missing_field_and_risk PASSED [ 15%]
tests/test_compute_rolling.py::test_compute_with_exactly_20_days PASSED  [ 17%]
tests/test_compute_rolling.py::test_compute_with_more_than_20_days PASSED [ 18%]
tests/test_compute_rolling.py::test_compute_with_less_than_20_days PASSED [ 20%]
tests/test_compute_rolling.py::test_compute_output_schema PASSED         [ 21%]
tests/test_compute_rolling.py::test_compute_no_raw_files_raises PASSED   [ 22%]
tests/test_data_pipeline_smoke.py::test_full_pipeline_smoke PASSED       [ 24%]
tests/test_data_schema.py::test_parse_institutional_response_schema_and_math[tests/fixtures/oracle_input_2026-07-21.json] PASSED [ 25%]
tests/test_data_schema.py::test_parse_institutional_response_schema_and_math[tests/fixtures/oracle_input_2026-07-22.json] PASSED [ 27%]
tests/test_data_schema.py::test_parse_institutional_response_schema_and_math[tests/fixtures/oracle_input_2026-07-23.json] PASSED [ 28%]
tests/test_data_schema.py::test_parse_institutional_response_schema_and_math[tests/fixtures/oracle_input_2026-07-24.json] PASSED [ 30%]
tests/test_data_schema.py::test_parse_institutional_response_schema_and_math[tests/fixtures/oracle_input_2026-07-27.json] PASSED [ 31%]
tests/test_fetch_institutional.py::test_fetch_single_day PASSED          [ 32%]
tests/test_fetch_institutional.py::test_fetch_backfill_n_days PASSED     [ 34%]
tests/test_fetch_institutional.py::test_fetch_idempotent PASSED          [ 35%]
tests/test_fetch_institutional.py::test_fetch_api_error_continues PASSED [ 37%]
tests/test_fetch_institutional.py::test_fetch_skips_weekend PASSED       [ 38%]
tests/test_filter.py::test_setup_a_matches_oracle[tests/fixtures/oracle_input_2026-07-21.json-tests/fixtures/oracle_output_2026-07-21.json] PASSED [ 40%]
tests/test_filter.py::test_setup_a_matches_oracle[tests/fixtures/oracle_input_2026-07-22.json-tests/fixtures/oracle_output_2026-07-22.json] PASSED [ 41%]
tests/test_filter.py::test_setup_a_matches_oracle[tests/fixtures/oracle_input_2026-07-23.json-tests/fixtures/oracle_output_2026-07-23.json] PASSED [ 42%]
tests/test_filter.py::test_setup_a_matches_oracle[tests/fixtures/oracle_input_2026-07-24.json-tests/fixtures/oracle_output_2026-07-24.json] PASSED [ 44%]
tests/test_filter.py::test_setup_a_matches_oracle[tests/fixtures/oracle_input_2026-07-27.json-tests/fixtures/oracle_output_2026-07-27.json] PASSED [ 45%]
tests/test_generate_report.py::test_parse_pnl_from_comments_returns_latest_value PASSED [ 47%]
tests/test_generate_report.py::test_parse_pnl_from_comments_returns_none_when_missing PASSED [ 48%]
tests/test_generate_report.py::test_compute_strategy_performance_with_three_closed_issues PASSED [ 50%]
tests/test_generate_report.py::test_compute_strategy_performance_empty_issues PASSED [ 51%]
tests/test_generate_report.py::test_compute_system_health_counts_screened_and_human_review PASSED [ 52%]
tests/test_generate_report.py::test_compute_system_health_pass_rate_is_one_when_no_screened PASSED [ 54%]
tests/test_generate_report.py::test_compute_current_holdings PASSED      [ 55%]
tests/test_generate_report.py::test_main_with_three_closed_issues PASSED [ 57%]
tests/test_generate_report.py::test_main_with_no_issues PASSED           [ 58%]
tests/test_guardrail.py::test_check_api_reachable PASSED                 [ 60%]
tests/test_guardrail.py::test_check_api_reachable_failure PASSED         [ 61%]
tests/test_guardrail.py::test_check_trading_day_ok PASSED                [ 62%]
tests/test_guardrail.py::test_check_trading_day_holiday PASSED           [ 64%]
tests/test_guardrail.py::test_check_rolling_data PASSED                  [ 65%]
tests/test_guardrail.py::test_check_holding_count PASSED                 [ 67%]
tests/test_guardrail.py::test_check_today_screener_done PASSED           [ 68%]
tests/test_guardrail.py::test_main_api_unreachable_exits_1 PASSED        [ 70%]
tests/test_guardrail.py::test_main_non_trading_day_exits_0 PASSED        [ 71%]
tests/test_guardrail.py::test_main_passes PASSED                         [ 72%]
tests/test_manager_loop.py::test_fetch_market_drop_pct PASSED            [ 74%]
tests/test_manager_loop.py::test_fetch_market_drop_pct_market_warning PASSED [ 75%]
tests/test_manager_loop.py::test_fetch_market_drop_pct_missing_today PASSED [ 77%]
tests/test_manager_loop.py::test_has_label PASSED                        [ 78%]
tests/test_manager_loop.py::test_main_writes_report_and_labels_issues PASSED [ 80%]
tests/test_screener_a.py::test_setup_a_matches_oracle[tests/fixtures/oracle_input_2026-07-21.json-tests/fixtures/oracle_output_2026-07-21.json] PASSED [ 81%]
tests/test_screener_a.py::test_setup_a_matches_oracle[tests/fixtures/oracle_input_2026-07-22.json-tests/fixtures/oracle_output_2026-07-22.json] PASSED [ 82%]
tests/test_screener_a.py::test_setup_a_matches_oracle[tests/fixtures/oracle_input_2026-07-23.json-tests/fixtures/oracle_output_2026-07-23.json] PASSED [ 84%]
tests/test_screener_a.py::test_setup_a_matches_oracle[tests/fixtures/oracle_input_2026-07-24.json-tests/fixtures/oracle_output_2026-07-24.json] PASSED [ 85%]
tests/test_screener_a.py::test_setup_a_matches_oracle[tests/fixtures/oracle_input_2026-07-27.json-tests/fixtures/oracle_output_2026-07-27.json] PASSED [ 87%]
tests/test_screener_a.py::test_setup_a_works_without_avg_volume_in_rolling_record PASSED [ 88%]
tests/test_signal_monitor.py::test_parse_entry_info_from_body_and_comments PASSED [ 90%]
tests/test_signal_monitor.py::test_compute_price_metrics PASSED          [ 91%]
tests/test_signal_monitor.py::test_setup_a_exit_e1_foreign_weak PASSED   [ 92%]
tests/test_signal_monitor.py::test_setup_a_exit_e2_price_weak PASSED     [ 94%]
tests/test_signal_monitor.py::test_setup_a_stop_loss PASSED              [ 95%]
tests/test_signal_monitor.py::test_setup_b_partial_and_full_exit PASSED  [ 97%]
tests/test_signal_monitor.py::test_setup_c_exit_and_stop_profit_reminder PASSED [ 98%]
tests/test_signal_monitor.py::test_main_triggers_exit_label PASSED       [100%]

============================== 70 passed in 0.40s ==============================
